<?xml version="1.0" encoding="UTF-8"?>
<!-- Generated by org.testng.reporters.JUnitXMLReporter -->
<testsuite ignored="0" hostname="16f8c53c36f6587" failures="1" tests="1" name="SeleniumBDDTest" time="4.28" errors="0" timestamp="2023-12-19T20:34:51 IST">
  <testcase classname="io.cucumber.testng.AbstractTestNGCucumberTests" name="runScenario" time="3.203">
    <failure type="org.openqa.selenium.SessionNotCreatedException" message="session not created: This version of ChromeDriver only supports Chrome version 120
Current browser version is 119.0.6045.200 with binary path C:\Program Files\Google\Chrome\Application\chrome.exe
Build info: version: &amp;apos;3.141.59&amp;apos;, revision: &amp;apos;e82be7d358&amp;apos;, time: &amp;apos;2018-11-14T08:17:03&amp;apos;
System info: host: &amp;apos;16F8C53C36F6587&amp;apos;, ip: &amp;apos;172.19.35.216&amp;apos;, os.name: &amp;apos;Windows 10&amp;apos;, os.arch: &amp;apos;amd64&amp;apos;, os.version: &amp;apos;10.0&amp;apos;, java.version: &amp;apos;11.0.11&amp;apos;
Driver info: driver.version: ChromeDriver
remote stacktrace: 	GetHandleVerifier [0x00007FF7B4344D02+56194]
	(No symbol) [0x00007FF7B42B04B2]
	(No symbol) [0x00007FF7B41576AA]
	(No symbol) [0x00007FF7B4191652]
	(No symbol) [0x00007FF7B419094D]
	(No symbol) [0x00007FF7B418B84F]
	(No symbol) [0x00007FF7B4187DC2]
	(No symbol) [0x00007FF7B41D0954]
	(No symbol) [0x00007FF7B41C5C23]
	(No symbol) [0x00007FF7B4194A45]
	(No symbol) [0x00007FF7B4195AD4]
	GetHandleVerifier [0x00007FF7B46BD5BB+3695675]
	GetHandleVerifier [0x00007FF7B4716197+4059159]
	GetHandleVerifier [0x00007FF7B470DF63+4025827]
	GetHandleVerifier [0x00007FF7B43DF029+687785]
	(No symbol) [0x00007FF7B42BB508]
	(No symbol) [0x00007FF7B42B7564]
	(No symbol) [0x00007FF7B42B76E9]
	(No symbol) [0x00007FF7B42A8094]
	BaseThreadInitThunk [0x00007FFF1BE77034+20]
	RtlUserThreadStart [0x00007FFF1CA626A1+33]
">
      <![CDATA[org.openqa.selenium.SessionNotCreatedException: session not created: This version of ChromeDriver only supports Chrome version 120
Current browser version is 119.0.6045.200 with binary path C:\Program Files\Google\Chrome\Application\chrome.exe
Build info: version: '3.141.59', revision: 'e82be7d358', time: '2018-11-14T08:17:03'
System info: host: '16F8C53C36F6587', ip: '172.19.35.216', os.name: 'Windows 10', os.arch: 'amd64', os.version: '10.0', java.version: '11.0.11'
Driver info: driver.version: ChromeDriver
remote stacktrace: GetHandleVerifier [0x00007FF7B4344D02+56194]
(No symbol) [0x00007FF7B42B04B2]
(No symbol) [0x00007FF7B41576AA]
(No symbol) [0x00007FF7B4191652]
(No symbol) [0x00007FF7B419094D]
(No symbol) [0x00007FF7B418B84F]
(No symbol) [0x00007FF7B4187DC2]
(No symbol) [0x00007FF7B41D0954]
(No symbol) [0x00007FF7B41C5C23]
(No symbol) [0x00007FF7B4194A45]
(No symbol) [0x00007FF7B4195AD4]
GetHandleVerifier [0x00007FF7B46BD5BB+3695675]
GetHandleVerifier [0x00007FF7B4716197+4059159]
GetHandleVerifier [0x00007FF7B470DF63+4025827]
GetHandleVerifier [0x00007FF7B43DF029+687785]
(No symbol) [0x00007FF7B42BB508]
(No symbol) [0x00007FF7B42B7564]
(No symbol) [0x00007FF7B42B76E9]
(No symbol) [0x00007FF7B42A8094]
BaseThreadInitThunk [0x00007FFF1BE77034+20]
RtlUserThreadStart [0x00007FFF1CA626A1+33]

at org.openqa.selenium.remote.W3CHandshakeResponse.lambda$errorHandler$0(W3CHandshakeResponse.java:62)
at org.openqa.selenium.remote.HandshakeResponse.lambda$getResponseFunction$0(HandshakeResponse.java:30)
at org.openqa.selenium.remote.ProtocolHandshake.lambda$createSession$0(ProtocolHandshake.java:126)
at java.base/java.util.stream.ReferencePipeline$3$1.accept(ReferencePipeline.java:195)
at java.base/java.util.Spliterators$ArraySpliterator.tryAdvance(Spliterators.java:958)
at java.base/java.util.stream.ReferencePipeline.forEachWithCancel(ReferencePipeline.java:127)
at java.base/java.util.stream.AbstractPipeline.copyIntoWithCancel(AbstractPipeline.java:502)
at java.base/java.util.stream.AbstractPipeline.copyInto(AbstractPipeline.java:488)
at java.base/java.util.stream.AbstractPipeline.wrapAndCopyInto(AbstractPipeline.java:474)
at java.base/java.util.stream.FindOps$FindOp.evaluateSequential(FindOps.java:150)
at java.base/java.util.stream.AbstractPipeline.evaluate(AbstractPipeline.java:234)
at java.base/java.util.stream.ReferencePipeline.findFirst(ReferencePipeline.java:543)
at org.openqa.selenium.remote.ProtocolHandshake.createSession(ProtocolHandshake.java:128)
at org.openqa.selenium.remote.ProtocolHandshake.createSession(ProtocolHandshake.java:74)
at org.openqa.selenium.remote.HttpCommandExecutor.execute(HttpCommandExecutor.java:136)
at org.openqa.selenium.remote.service.DriverCommandExecutor.execute(DriverCommandExecutor.java:83)
at org.openqa.selenium.remote.RemoteWebDriver.execute(RemoteWebDriver.java:552)
at org.openqa.selenium.remote.RemoteWebDriver.startSession(RemoteWebDriver.java:213)
at org.openqa.selenium.remote.RemoteWebDriver.<init>(RemoteWebDriver.java:131)
at org.openqa.selenium.chrome.ChromeDriver.<init>(ChromeDriver.java:181)
at org.openqa.selenium.chrome.ChromeDriver.<init>(ChromeDriver.java:168)
at org.openqa.selenium.chrome.ChromeDriver.<init>(ChromeDriver.java:123)
at StepDefinations.StepDefination.user_launches_the_url(StepDefination.java:18)
at âœ½.User launches the URL "http://the-internet.herokuapp.com/"(file:///C:/Users/Administrator/OneDrive/Desktop/CapstoneAssignment_Advanced/Java%20Scenario1%20and%20Output%20Screenshots/CapstoneAssignment_Java/src/test/java/FeatureFiles/CapstoneFeatures.feature:4)
... Removed 4 stack frames]]>
    </failure>
  </testcase> <!-- runScenario -->
</testsuite> <!-- SeleniumBDDTest -->
