<html>
<head>
<title>TestNG:  SeleniumBDDTest</title>
<link href="../testng.css" rel="stylesheet" type="text/css" />
<link href="../my-testng.css" rel="stylesheet" type="text/css" />

<style type="text/css">
.log { display: none;} 
.stack-trace { display: none;} 
</style>
<script type="text/javascript">
<!--
function flip(e) {
  current = e.style.display;
  if (current == 'block') {
    e.style.display = 'none';
    return 0;
  }
  else {
    e.style.display = 'block';
    return 1;
  }
}

function toggleBox(szDivId, elem, msg1, msg2)
{
  var res = -1;  if (document.getElementById) {
    res = flip(document.getElementById(szDivId));
  }
  else if (document.all) {
    // this is the way old msie versions work
    res = flip(document.all[szDivId]);
  }
  if(elem) {
    if(res == 0) elem.innerHTML = msg1; else elem.innerHTML = msg2;
  }

}

function toggleAllBoxes() {
  if (document.getElementsByTagName) {
    d = document.getElementsByTagName('div');
    for (i = 0; i < d.length; i++) {
      if (d[i].className == 'log') {
        flip(d[i]);
      }
    }
  }
}

// -->
</script>

</head>
<body>
<h2 align='center'>SeleniumBDDTest</h2><table border='1' align="center">
<tr>
<td>Tests passed/Failed/Skipped:</td><td>0/1/0</td>
</tr><tr>
<td>Started on:</td><td>Tue Dec 19 20:34:47 IST 2023</td>
</tr>
<tr><td>Total time:</td><td>4 seconds (4280 ms)</td>
</tr><tr>
<td>Included groups:</td><td></td>
</tr><tr>
<td>Excluded groups:</td><td></td>
</tr>
</table><p/>
<small><i>(Hover the method name to see the test class name)</i></small><p/>
<table width='100%' border='1' class='invocation-failed'>
<tr><td colspan='4' align='center'><b>FAILED TESTS</b></td></tr>
<tr><td><b>Test method</b></td>
<td width="30%"><b>Exception</b></td>
<td width="10%"><b>Time (seconds)</b></td>
<td><b>Instance</b></td>
</tr>
<tr>
<td title='BaseTest.BaseTest.runScenario()'><b>runScenario</b><br>Test class: BaseTest.BaseTest<br>Test method: Runs Cucumber Scenarios<br>Parameters: "Verify various actions on the-internet.herokuapp.com", "Selenium Capstone Project"</td>
<td><div><pre>org.openqa.selenium.SessionNotCreatedException: session not created: This version of ChromeDriver only supports Chrome version 120
Current browser version is 119.0.6045.200 with binary path C:\Program Files\Google\Chrome\Application\chrome.exe
Build info: version: &apos;3.141.59&apos;, revision: &apos;e82be7d358&apos;, time: &apos;2018-11-14T08:17:03&apos;
System info: host: &apos;16F8C53C36F6587&apos;, ip: &apos;172.19.35.216&apos;, os.name: &apos;Windows 10&apos;, os.arch: &apos;amd64&apos;, os.version: &apos;10.0&apos;, java.version: &apos;11.0.11&apos;
Driver info: driver.version: ChromeDriver
remote stacktrace: 	GetHandleVerifier [0x00007FF7B4344D02+56194]
	(No symbol) [0x00007FF7B42B04B2]
	(No symbol) [0x00007FF7B41576AA]
	(No symbol) [0x00007FF7B4191652]
	(No symbol) [0x00007FF7B419094D]
	(No symbol) [0x00007FF7B418B84F]
	(No symbol) [0x00007FF7B4187DC2]
	(No symbol) [0x00007FF7B41D0954]
	(No symbol) [0x00007FF7B41C5C23]
	(No symbol) [0x00007FF7B4194A45]
	(No symbol) [0x00007FF7B4195AD4]
	GetHandleVerifier [0x00007FF7B46BD5BB+3695675]
	GetHandleVerifier [0x00007FF7B4716197+4059159]
	GetHandleVerifier [0x00007FF7B470DF63+4025827]
	GetHandleVerifier [0x00007FF7B43DF029+687785]
	(No symbol) [0x00007FF7B42BB508]
	(No symbol) [0x00007FF7B42B7564]
	(No symbol) [0x00007FF7B42B76E9]
	(No symbol) [0x00007FF7B42A8094]
	BaseThreadInitThunk [0x00007FFF1BE77034+20]
	RtlUserThreadStart [0x00007FFF1CA626A1+33]

	at org.openqa.selenium.remote.W3CHandshakeResponse.lambda$errorHandler$0(W3CHandshakeResponse.java:62)
	at org.openqa.selenium.remote.HandshakeResponse.lambda$getResponseFunction$0(HandshakeResponse.java:30)
	at org.openqa.selenium.remote.ProtocolHandshake.lambda$createSession$0(ProtocolHandshake.java:126)
	at java.base/java.util.stream.ReferencePipeline$3$1.accept(ReferencePipeline.java:195)
	at java.base/java.util.Spliterators$ArraySpliterator.tryAdvance(Spliterators.java:958)
	at java.base/java.util.stream.ReferencePipeline.forEachWithCancel(ReferencePipeline.java:127)
	at java.base/java.util.stream.AbstractPipeline.copyIntoWithCancel(AbstractPipeline.java:502)
	at java.base/java.util.stream.AbstractPipeline.copyInto(AbstractPipeline.java:488)
	at java.base/java.util.stream.AbstractPipeline.wrapAndCopyInto(AbstractPipeline.java:474)
	at java.base/java.util.stream.FindOps$FindOp.evaluateSequential(FindOps.java:150)
	at java.base/java.util.stream.AbstractPipeline.evaluate(AbstractPipeline.java:234)
	at java.base/java.util.stream.ReferencePipeline.findFirst(ReferencePipeline.java:543)
	at org.openqa.selenium.remote.ProtocolHandshake.createSession(ProtocolHandshake.java:128)
	at org.openqa.selenium.remote.ProtocolHandshake.createSession(ProtocolHandshake.java:74)
	at org.openqa.selenium.remote.HttpCommandExecutor.execute(HttpCommandExecutor.java:136)
	at org.openqa.selenium.remote.service.DriverCommandExecutor.execute(DriverCommandExecutor.java:83)
	at org.openqa.selenium.remote.RemoteWebDriver.execute(RemoteWebDriver.java:552)
	at org.openqa.selenium.remote.RemoteWebDriver.startSession(RemoteWebDriver.java:213)
	at org.openqa.selenium.remote.RemoteWebDriver.&lt;init&gt;(RemoteWebDriver.java:131)
	at org.openqa.selenium.chrome.ChromeDriver.&lt;init&gt;(ChromeDriver.java:181)
	at org.openqa.selenium.chrome.ChromeDriver.&lt;init&gt;(ChromeDriver.java:168)
	at org.openqa.selenium.chrome.ChromeDriver.&lt;init&gt;(ChromeDriver.java:123)
	at StepDefinations.StepDefination.user_launches_the_url(StepDefination.java:18)
	at ?.User launches the URL &quot;http://the-internet.herokuapp.com/&quot;(file:///C:/Users/Administrator/OneDrive/Desktop/CapstoneAssignment_Advanced/Java%20Scenario1%20and%20Output%20Screenshots/CapstoneAssignment_Java/src/test/java/FeatureFiles/CapstoneFeatures.feature:4)
... Removed 4 stack frames</pre></div><a href='#' onClick='toggleBox("stack-trace273248928", this, "Click to show all stack frames", "Click to hide stack frames")'>Click to show all stack frames</a>
<div class='stack-trace' id='stack-trace273248928'><pre>org.openqa.selenium.SessionNotCreatedException: session not created: This version of ChromeDriver only supports Chrome version 120
Current browser version is 119.0.6045.200 with binary path C:\Program Files\Google\Chrome\Application\chrome.exe
Build info: version: &apos;3.141.59&apos;, revision: &apos;e82be7d358&apos;, time: &apos;2018-11-14T08:17:03&apos;
System info: host: &apos;16F8C53C36F6587&apos;, ip: &apos;172.19.35.216&apos;, os.name: &apos;Windows 10&apos;, os.arch: &apos;amd64&apos;, os.version: &apos;10.0&apos;, java.version: &apos;11.0.11&apos;
Driver info: driver.version: ChromeDriver
remote stacktrace: 	GetHandleVerifier [0x00007FF7B4344D02+56194]
	(No symbol) [0x00007FF7B42B04B2]
	(No symbol) [0x00007FF7B41576AA]
	(No symbol) [0x00007FF7B4191652]
	(No symbol) [0x00007FF7B419094D]
	(No symbol) [0x00007FF7B418B84F]
	(No symbol) [0x00007FF7B4187DC2]
	(No symbol) [0x00007FF7B41D0954]
	(No symbol) [0x00007FF7B41C5C23]
	(No symbol) [0x00007FF7B4194A45]
	(No symbol) [0x00007FF7B4195AD4]
	GetHandleVerifier [0x00007FF7B46BD5BB+3695675]
	GetHandleVerifier [0x00007FF7B4716197+4059159]
	GetHandleVerifier [0x00007FF7B470DF63+4025827]
	GetHandleVerifier [0x00007FF7B43DF029+687785]
	(No symbol) [0x00007FF7B42BB508]
	(No symbol) [0x00007FF7B42B7564]
	(No symbol) [0x00007FF7B42B76E9]
	(No symbol) [0x00007FF7B42A8094]
	BaseThreadInitThunk [0x00007FFF1BE77034+20]
	RtlUserThreadStart [0x00007FFF1CA626A1+33]

	at java.base/jdk.internal.reflect.NativeConstructorAccessorImpl.newInstance0(Native Method)
	at java.base/jdk.internal.reflect.NativeConstructorAccessorImpl.newInstance(NativeConstructorAccessorImpl.java:62)
	at java.base/jdk.internal.reflect.DelegatingConstructorAccessorImpl.newInstance(DelegatingConstructorAccessorImpl.java:45)
	at java.base/java.lang.reflect.Constructor.newInstance(Constructor.java:490)
	at org.openqa.selenium.remote.W3CHandshakeResponse.lambda$errorHandler$0(W3CHandshakeResponse.java:62)
	at org.openqa.selenium.remote.HandshakeResponse.lambda$getResponseFunction$0(HandshakeResponse.java:30)
	at org.openqa.selenium.remote.ProtocolHandshake.lambda$createSession$0(ProtocolHandshake.java:126)
	at java.base/java.util.stream.ReferencePipeline$3$1.accept(ReferencePipeline.java:195)
	at java.base/java.util.Spliterators$ArraySpliterator.tryAdvance(Spliterators.java:958)
	at java.base/java.util.stream.ReferencePipeline.forEachWithCancel(ReferencePipeline.java:127)
	at java.base/java.util.stream.AbstractPipeline.copyIntoWithCancel(AbstractPipeline.java:502)
	at java.base/java.util.stream.AbstractPipeline.copyInto(AbstractPipeline.java:488)
	at java.base/java.util.stream.AbstractPipeline.wrapAndCopyInto(AbstractPipeline.java:474)
	at java.base/java.util.stream.FindOps$FindOp.evaluateSequential(FindOps.java:150)
	at java.base/java.util.stream.AbstractPipeline.evaluate(AbstractPipeline.java:234)
	at java.base/java.util.stream.ReferencePipeline.findFirst(ReferencePipeline.java:543)
	at org.openqa.selenium.remote.ProtocolHandshake.createSession(ProtocolHandshake.java:128)
	at org.openqa.selenium.remote.ProtocolHandshake.createSession(ProtocolHandshake.java:74)
	at org.openqa.selenium.remote.HttpCommandExecutor.execute(HttpCommandExecutor.java:136)
	at org.openqa.selenium.remote.service.DriverCommandExecutor.execute(DriverCommandExecutor.java:83)
	at org.openqa.selenium.remote.RemoteWebDriver.execute(RemoteWebDriver.java:552)
	at org.openqa.selenium.remote.RemoteWebDriver.startSession(RemoteWebDriver.java:213)
	at org.openqa.selenium.remote.RemoteWebDriver.&lt;init&gt;(RemoteWebDriver.java:131)
	at org.openqa.selenium.chrome.ChromeDriver.&lt;init&gt;(ChromeDriver.java:181)
	at org.openqa.selenium.chrome.ChromeDriver.&lt;init&gt;(ChromeDriver.java:168)
	at org.openqa.selenium.chrome.ChromeDriver.&lt;init&gt;(ChromeDriver.java:123)
	at StepDefinations.StepDefination.user_launches_the_url(StepDefination.java:18)
	at ?.User launches the URL &quot;http://the-internet.herokuapp.com/&quot;(file:///C:/Users/Administrator/OneDrive/Desktop/CapstoneAssignment_Advanced/Java%20Scenario1%20and%20Output%20Screenshots/CapstoneAssignment_Java/src/test/java/FeatureFiles/CapstoneFeatures.feature:4)
</pre></div></td>
<td>3</td>
<td>BaseTest.BaseTest@3b353651</td></tr>
</table><p>
</body>
</html>